Started GET "/" for ::1 at 2023-11-02 07:19:17 -0700
  [1m[35m (0.2ms)[0m  [1m[35mCREATE TABLE "schema_migrations" ("version" varchar NOT NULL PRIMARY KEY)[0m
  [1m[35m (0.1ms)[0m  [1m[35mCREATE TABLE "ar_internal_metadata" ("key" varchar NOT NULL PRIMARY KEY, "value" varchar, "created_at" datetime(6) NOT NULL, "updated_at" datetime(6) NOT NULL)[0m
  [1m[36mActiveRecord::SchemaMigration Load (0.0ms)[0m  [1m[34mSELECT "schema_migrations"."version" FROM "schema_migrations" ORDER BY "schema_migrations"."version" ASC[0m
Processing by Rails::WelcomeController#index as HTML
  Rendering /opt/homebrew/lib/ruby/gems/3.2.0/gems/railties-7.1.1/lib/rails/templates/rails/welcome/index.html.erb
  Rendered /opt/homebrew/lib/ruby/gems/3.2.0/gems/railties-7.1.1/lib/rails/templates/rails/welcome/index.html.erb (Duration: 0.3ms | Allocations: 374)
Completed 200 OK in 13ms (Views: 3.3ms | ActiveRecord: 0.0ms | Allocations: 7873)


Started GET "/" for ::1 at 2023-11-02 07:44:40 -0700
  [1m[36mActiveRecord::SchemaMigration Load (0.0ms)[0m  [1m[34mSELECT "schema_migrations"."version" FROM "schema_migrations" ORDER BY "schema_migrations"."version" ASC[0m
Processing by Rails::WelcomeController#index as HTML
  Rendering /opt/homebrew/lib/ruby/gems/3.2.0/gems/railties-7.1.1/lib/rails/templates/rails/welcome/index.html.erb
  Rendered /opt/homebrew/lib/ruby/gems/3.2.0/gems/railties-7.1.1/lib/rails/templates/rails/welcome/index.html.erb (Duration: 0.3ms | Allocations: 374)
Completed 200 OK in 5ms (Views: 1.6ms | ActiveRecord: 0.0ms | Allocations: 4268)


Started GET "/" for ::1 at 2023-11-02 07:49:33 -0700
  [1m[36mActiveRecord::SchemaMigration Load (0.0ms)[0m  [1m[34mSELECT "schema_migrations"."version" FROM "schema_migrations" ORDER BY "schema_migrations"."version" ASC[0m
Processing by Rails::WelcomeController#index as HTML
  Rendering /opt/homebrew/lib/ruby/gems/3.2.0/gems/railties-7.1.1/lib/rails/templates/rails/welcome/index.html.erb
  Rendered /opt/homebrew/lib/ruby/gems/3.2.0/gems/railties-7.1.1/lib/rails/templates/rails/welcome/index.html.erb (Duration: 0.5ms | Allocations: 374)
Completed 200 OK in 5ms (Views: 1.5ms | ActiveRecord: 0.0ms | Allocations: 4269)


Started GET "/home/index" for ::1 at 2023-11-02 07:49:39 -0700
Processing by HomeController#index as HTML
  Rendering layout layouts/application.html.erb
  Rendering home/index.html.erb within layouts/application
  Rendered home/index.html.erb within layouts/application (Duration: 0.3ms | Allocations: 95)
  Rendered layout layouts/application.html.erb (Duration: 479.8ms | Allocations: 97872)
Completed 200 OK in 483ms (Views: 481.6ms | ActiveRecord: 0.0ms | Allocations: 98791)


Started GET "/home/index" for ::1 at 2023-11-02 07:52:28 -0700
Processing by HomeController#index as HTML
  Rendering layout layouts/application.html.erb
  Rendering home/index.html.erb within layouts/application
  Rendered home/index.html.erb within layouts/application (Duration: 0.2ms | Allocations: 98)
  Rendered layout layouts/application.html.erb (Duration: 12.8ms | Allocations: 16125)
Completed 200 OK in 14ms (Views: 13.7ms | ActiveRecord: 0.0ms | Allocations: 17028)


Started GET "/home/index" for ::1 at 2023-11-02 07:53:10 -0700
  
ActionController::RoutingError (No route matches [GET] "/home/index"):
  
Started GET "/" for ::1 at 2023-11-02 07:53:13 -0700
Processing by HomeController#index as HTML
  Rendering layout layouts/application.html.erb
  Rendering home/index.html.erb within layouts/application
  Rendered home/index.html.erb within layouts/application (Duration: 0.3ms | Allocations: 93)
  Rendered layout layouts/application.html.erb (Duration: 14.9ms | Allocations: 13562)
Completed 200 OK in 18ms (Views: 16.8ms | ActiveRecord: 0.0ms | Allocations: 14422)


Started GET "/" for ::1 at 2023-11-02 07:54:00 -0700
Processing by HomeController#index as HTML
  Rendering layout layouts/application.html.erb
  Rendering home/index.html.erb within layouts/application
  Rendered home/index.html.erb within layouts/application (Duration: 0.1ms | Allocations: 97)
  Rendered layout layouts/application.html.erb (Duration: 7.1ms | Allocations: 13589)
Completed 200 OK in 8ms (Views: 7.9ms | ActiveRecord: 0.0ms | Allocations: 14494)


Started GET "/" for ::1 at 2023-11-02 07:55:55 -0700
Processing by HomeController#index as HTML
  Rendering layout layouts/application.html.erb
  Rendering home/index.html.erb within layouts/application
  Rendered home/index.html.erb within layouts/application (Duration: 0.2ms | Allocations: 96)
  Rendered layout layouts/application.html.erb (Duration: 7.8ms | Allocations: 13394)
Completed 200 OK in 9ms (Views: 8.8ms | ActiveRecord: 0.0ms | Allocations: 14292)


Started GET "/" for ::1 at 2023-11-02 07:56:09 -0700
Processing by HomeController#index as HTML
  Rendering layout layouts/application.html.erb
  Rendering home/index.html.erb within layouts/application
  Rendered home/index.html.erb within layouts/application (Duration: 0.1ms | Allocations: 99)
  Rendered layout layouts/application.html.erb (Duration: 5.6ms | Allocations: 13562)
Completed 200 OK in 7ms (Views: 6.3ms | ActiveRecord: 0.0ms | Allocations: 14465)


Started GET "/" for ::1 at 2023-11-02 07:58:10 -0700
Processing by HomeController#index as HTML
  Rendering layout layouts/application.html.erb
  Rendering home/index.html.erb within layouts/application
  Rendered home/index.html.erb within layouts/application (Duration: 0.2ms | Allocations: 96)
  Rendered layout layouts/application.html.erb (Duration: 7.7ms | Allocations: 13403)
Completed 200 OK in 9ms (Views: 8.4ms | ActiveRecord: 0.0ms | Allocations: 14302)


Started GET "/" for ::1 at 2023-11-02 07:58:13 -0700
Processing by HomeController#index as HTML
  Rendering layout layouts/application.html.erb
  Rendering home/index.html.erb within layouts/application
  Rendered home/index.html.erb within layouts/application (Duration: 0.0ms | Allocations: 6)
  Rendered layout layouts/application.html.erb (Duration: 3.5ms | Allocations: 2122)
Completed 200 OK in 4ms (Views: 4.0ms | ActiveRecord: 0.0ms | Allocations: 2366)


Started GET "/" for ::1 at 2023-11-02 07:58:51 -0700
Processing by HomeController#index as HTML
  Rendering layout layouts/application.html.erb
  Rendering home/index.html.erb within layouts/application
  Rendered home/index.html.erb within layouts/application (Duration: 0.3ms | Allocations: 100)
  Rendered layout layouts/application.html.erb (Duration: 11.5ms | Allocations: 13582)
Completed 200 OK in 15ms (Views: 12.8ms | ActiveRecord: 0.0ms | Allocations: 14485)


Started GET "/" for ::1 at 2023-11-02 07:59:02 -0700
Processing by HomeController#index as HTML
  Rendering layout layouts/application.html.erb
  Rendering home/index.html.erb within layouts/application
  Rendered home/index.html.erb within layouts/application (Duration: 0.1ms | Allocations: 96)
  Rendered layout layouts/application.html.erb (Duration: 5.4ms | Allocations: 13399)
Completed 200 OK in 7ms (Views: 6.0ms | ActiveRecord: 0.0ms | Allocations: 14297)


Started GET "/" for ::1 at 2023-11-02 07:59:21 -0700
Processing by HomeController#index as HTML
  Rendering layout layouts/application.html.erb
  Rendering home/index.html.erb within layouts/application
  Rendered home/index.html.erb within layouts/application (Duration: 0.1ms | Allocations: 98)
  Rendered layout layouts/application.html.erb (Duration: 6.8ms | Allocations: 13588)
Completed 200 OK in 9ms (Views: 7.6ms | ActiveRecord: 0.0ms | Allocations: 14491)


Started GET "/" for ::1 at 2023-11-02 07:59:50 -0700
Processing by HomeController#index as HTML
  Rendering layout layouts/application.html.erb
  Rendering home/index.html.erb within layouts/application
  Rendered home/index.html.erb within layouts/application (Duration: 0.2ms | Allocations: 96)
  Rendered layout layouts/application.html.erb (Duration: 7.5ms | Allocations: 13422)
Completed 200 OK in 9ms (Views: 8.3ms | ActiveRecord: 0.0ms | Allocations: 14321)


Started GET "/home/about" for ::1 at 2023-11-02 08:28:10 -0700
Processing by HomeController#about as HTML
  Rendering layout layouts/application.html.erb
  Rendering home/about.html.erb within layouts/application
  Rendered home/about.html.erb within layouts/application (Duration: 0.1ms | Allocations: 97)
  Rendered layout layouts/application.html.erb (Duration: 10.5ms | Allocations: 13567)
Completed 200 OK in 12ms (Views: 11.3ms | ActiveRecord: 0.0ms | Allocations: 14470)


Started GET "/" for ::1 at 2023-11-02 08:31:51 -0700
Processing by HomeController#index as HTML
  Rendering layout layouts/application.html.erb
  Rendering home/index.html.erb within layouts/application
  Rendered home/index.html.erb within layouts/application (Duration: 0.2ms | Allocations: 96)
  Rendered layout layouts/application.html.erb (Duration: 8.0ms | Allocations: 13413)
Completed 200 OK in 9ms (Views: 8.8ms | ActiveRecord: 0.0ms | Allocations: 14312)


Started GET "/" for ::1 at 2023-11-02 08:32:59 -0700
Processing by HomeController#index as HTML
  Rendering layout layouts/application.html.erb
  Rendering home/index.html.erb within layouts/application
  Rendered home/index.html.erb within layouts/application (Duration: 0.1ms | Allocations: 100)
  Rendered layout layouts/application.html.erb (Duration: 7.4ms | Allocations: 13572)
Completed 200 OK in 9ms (Views: 8.0ms | ActiveRecord: 0.0ms | Allocations: 14475)


Started GET "/" for ::1 at 2023-11-02 08:35:39 -0700
Processing by HomeController#index as HTML
  Rendering layout layouts/application.html.erb
  Rendering home/index.html.erb within layouts/application
  Rendered home/index.html.erb within layouts/application (Duration: 0.2ms | Allocations: 96)
  Rendered home/_header.html.erb (Duration: 0.1ms | Allocations: 92)
  Rendered layout layouts/application.html.erb (Duration: 16.9ms | Allocations: 13645)
Completed 200 OK in 18ms (Views: 17.6ms | ActiveRecord: 0.0ms | Allocations: 14544)


Started GET "/" for ::1 at 2023-11-02 08:36:39 -0700
Processing by HomeController#index as HTML
  Rendering layout layouts/application.html.erb
  Rendering home/index.html.erb within layouts/application
  Rendered home/index.html.erb within layouts/application (Duration: 0.1ms | Allocations: 100)
  Rendered home/_header.html.erb (Duration: 0.1ms | Allocations: 126)
  Rendered layout layouts/application.html.erb (Duration: 8.0ms | Allocations: 13841)
Completed 200 OK in 9ms (Views: 8.8ms | ActiveRecord: 0.0ms | Allocations: 14744)


Started GET "/" for ::1 at 2023-11-02 08:37:25 -0700
Processing by HomeController#index as HTML
  Rendering layout layouts/application.html.erb
  Rendering home/index.html.erb within layouts/application
  Rendered home/index.html.erb within layouts/application (Duration: 0.2ms | Allocations: 96)
  Rendered home/_header.html.erb (Duration: 0.1ms | Allocations: 129)
  Rendered layout layouts/application.html.erb (Duration: 8.3ms | Allocations: 13684)
Completed 200 OK in 10ms (Views: 9.2ms | ActiveRecord: 0.0ms | Allocations: 14583)


Started GET "/" for ::1 at 2023-11-02 08:38:48 -0700
Processing by HomeController#index as HTML
  Rendering layout layouts/application.html.erb
  Rendering home/index.html.erb within layouts/application
  Rendered home/index.html.erb within layouts/application (Duration: 0.2ms | Allocations: 100)
  Rendered home/_header.html.erb (Duration: 0.1ms | Allocations: 127)
  Rendered layout layouts/application.html.erb (Duration: 7.8ms | Allocations: 13857)
Completed 200 OK in 9ms (Views: 8.6ms | ActiveRecord: 0.0ms | Allocations: 14760)


Started GET "/" for ::1 at 2023-11-02 08:39:09 -0700
Processing by HomeController#index as HTML
  Rendering layout layouts/application.html.erb
  Rendering home/index.html.erb within layouts/application
  Rendered home/index.html.erb within layouts/application (Duration: 0.1ms | Allocations: 96)
  Rendered home/_header.html.erb (Duration: 0.1ms | Allocations: 117)
  Rendered layout layouts/application.html.erb (Duration: 6.5ms | Allocations: 13657)
Completed 200 OK in 8ms (Views: 7.2ms | ActiveRecord: 0.0ms | Allocations: 14556)


Started GET "/" for ::1 at 2023-11-02 08:39:31 -0700
Processing by HomeController#index as HTML
  Rendering layout layouts/application.html.erb
  Rendering home/index.html.erb within layouts/application
  Rendered home/index.html.erb within layouts/application (Duration: 0.1ms | Allocations: 100)
  Rendered home/_header.html.erb (Duration: 0.1ms | Allocations: 115)
  Rendered layout layouts/application.html.erb (Duration: 7.1ms | Allocations: 13835)
Completed 200 OK in 8ms (Views: 7.7ms | ActiveRecord: 0.0ms | Allocations: 14738)


Started GET "/" for ::1 at 2023-11-02 08:41:36 -0700
Processing by HomeController#index as HTML
  Rendering layout layouts/application.html.erb
  Rendering home/index.html.erb within layouts/application
  Rendered home/index.html.erb within layouts/application (Duration: 0.2ms | Allocations: 96)
  Rendered home/_header.html.erb (Duration: 0.3ms | Allocations: 227)
  Rendered layout layouts/application.html.erb (Duration: 10.4ms | Allocations: 13795)
Completed 200 OK in 12ms (Views: 11.2ms | ActiveRecord: 0.0ms | Allocations: 14694)


Started GET "/" for ::1 at 2023-11-02 08:41:38 -0700
Processing by HomeController#index as HTML
  Rendering layout layouts/application.html.erb
  Rendering home/index.html.erb within layouts/application
  Rendered home/index.html.erb within layouts/application (Duration: 0.1ms | Allocations: 6)
  Rendered home/_header.html.erb (Duration: 0.3ms | Allocations: 39)
  Rendered layout layouts/application.html.erb (Duration: 9.0ms | Allocations: 2220)
Completed 200 OK in 11ms (Views: 9.8ms | ActiveRecord: 0.0ms | Allocations: 2466)


Started GET "/" for ::1 at 2023-11-02 08:41:39 -0700
Processing by HomeController#index as HTML
  Rendering layout layouts/application.html.erb
  Rendering home/index.html.erb within layouts/application
  Rendered home/index.html.erb within layouts/application (Duration: 0.1ms | Allocations: 6)
  Rendered home/_header.html.erb (Duration: 0.2ms | Allocations: 39)
  Rendered layout layouts/application.html.erb (Duration: 5.5ms | Allocations: 2223)
Completed 200 OK in 7ms (Views: 6.2ms | ActiveRecord: 0.0ms | Allocations: 2469)


Started GET "/home/about" for ::1 at 2023-11-02 08:41:45 -0700
Processing by HomeController#about as HTML
  Rendering layout layouts/application.html.erb
  Rendering home/about.html.erb within layouts/application
  Rendered home/about.html.erb within layouts/application (Duration: 0.4ms | Allocations: 87)
  Rendered home/_header.html.erb (Duration: 0.1ms | Allocations: 39)
  Rendered layout layouts/application.html.erb (Duration: 5.0ms | Allocations: 2296)
Completed 200 OK in 7ms (Views: 5.4ms | ActiveRecord: 0.0ms | Allocations: 2600)


Started GET "/" for ::1 at 2023-11-02 08:41:46 -0700
Processing by HomeController#index as HTML
  Rendering layout layouts/application.html.erb
  Rendering home/index.html.erb within layouts/application
  Rendered home/index.html.erb within layouts/application (Duration: 0.1ms | Allocations: 6)
  Rendered home/_header.html.erb (Duration: 0.2ms | Allocations: 39)
  Rendered layout layouts/application.html.erb (Duration: 5.7ms | Allocations: 2208)
Completed 200 OK in 7ms (Views: 6.5ms | ActiveRecord: 0.0ms | Allocations: 2454)


Started GET "/" for ::1 at 2023-11-02 08:43:17 -0700
Processing by HomeController#index as HTML
  Rendering layout layouts/application.html.erb
  Rendering home/index.html.erb within layouts/application
  Rendered home/index.html.erb within layouts/application (Duration: 0.1ms | Allocations: 96)
  Rendered home/_header.html.erb (Duration: 0.3ms | Allocations: 237)
  Rendered layout layouts/application.html.erb (Duration: 8.7ms | Allocations: 13857)
Completed 200 OK in 10ms (Views: 9.5ms | ActiveRecord: 0.0ms | Allocations: 14759)


Started GET "/home/about" for ::1 at 2023-11-02 08:43:18 -0700
Processing by HomeController#about as HTML
  Rendering layout layouts/application.html.erb
  Rendering home/about.html.erb within layouts/application
  Rendered home/about.html.erb within layouts/application (Duration: 0.8ms | Allocations: 87)
  Rendered home/_header.html.erb (Duration: 0.3ms | Allocations: 59)
  Rendered layout layouts/application.html.erb (Duration: 6.7ms | Allocations: 2302)
Completed 200 OK in 9ms (Views: 7.6ms | ActiveRecord: 0.0ms | Allocations: 2608)


Started GET "/" for ::1 at 2023-11-02 08:43:19 -0700
Processing by HomeController#index as HTML
  Rendering layout layouts/application.html.erb
  Rendering home/index.html.erb within layouts/application
  Rendered home/index.html.erb within layouts/application (Duration: 0.1ms | Allocations: 6)
  Rendered home/_header.html.erb (Duration: 0.2ms | Allocations: 59)
  Rendered layout layouts/application.html.erb (Duration: 5.3ms | Allocations: 2243)
Completed 200 OK in 7ms (Views: 5.9ms | ActiveRecord: 0.0ms | Allocations: 2489)


Started GET "/home/about" for ::1 at 2023-11-02 08:43:20 -0700
Processing by HomeController#about as HTML
  Rendering layout layouts/application.html.erb
  Rendering home/about.html.erb within layouts/application
  Rendered home/about.html.erb within layouts/application (Duration: 0.0ms | Allocations: 6)
  Rendered home/_header.html.erb (Duration: 0.3ms | Allocations: 59)
  Rendered layout layouts/application.html.erb (Duration: 4.9ms | Allocations: 2234)
Completed 200 OK in 6ms (Views: 5.4ms | ActiveRecord: 0.0ms | Allocations: 2480)


Started GET "/" for ::1 at 2023-11-02 08:43:20 -0700
Processing by HomeController#index as HTML
  Rendering layout layouts/application.html.erb
  Rendering home/index.html.erb within layouts/application
  Rendered home/index.html.erb within layouts/application (Duration: 0.0ms | Allocations: 6)
  Rendered home/_header.html.erb (Duration: 0.3ms | Allocations: 59)
  Rendered layout layouts/application.html.erb (Duration: 6.4ms | Allocations: 2228)
Completed 200 OK in 10ms (Views: 9.3ms | ActiveRecord: 0.0ms | Allocations: 2474)


Started GET "/" for ::1 at 2023-11-03 07:02:47 -0700
Processing by HomeController#index as HTML
  Rendering layout layouts/application.html.erb
  Rendering home/index.html.erb within layouts/application
  Rendered home/index.html.erb within layouts/application (Duration: 0.2ms | Allocations: 100)
  Rendered home/_header.html.erb (Duration: 0.3ms | Allocations: 232)
  Rendered layout layouts/application.html.erb (Duration: 15.8ms | Allocations: 13952)
Completed 200 OK in 18ms (Views: 16.8ms | ActiveRecord: 0.0ms | Allocations: 14855)


